/* Log generated by MTK SP DrvGen Version 03.13.6;
 Log Time is Sun May 08 19:38:14 2016
 */
open operater parse MT6735M.fig OK!
Edit operater parse .cmp file OK!
open operater parse MT6753.fig OK!
Edit operater parse .cmp file OK!
open operater parse MT6735.fig OK!
Edit operater parse .cmp file OK!
open operater parse MT6735M.fig OK!
Edit operater parse .cmp file OK!
Edit operater parse .cmp file OK!
open operater parse MT6735M.fig OK!
Edit operater parse .cmp file OK!
Gencode operater parse .cmp file OK!
Gencode cust_eint_md1.h OK!
Gencode cust_power.h OK!
Edit operater parse .cmp file OK!
open operater parse MT6753.fig OK!
Edit operater parse .cmp file OK!
open operater parse MT6735M.fig OK!
Edit operater parse .cmp file OK!
Gencode operater parse .cmp file OK!
Gencode cust_eint_md1.h OK!
Gencode cust_power.h OK!
